Symfony\Component\DependencyInjection\Compiler\ResolveDefinitionTemplatesPass: Resolving inheritance for "templating.asset.default_package" (parent: templating.asset.path_package).
Symfony\Component\DependencyInjection\Compiler\ResolveDefinitionTemplatesPass: Resolving inheritance for "security.firewall.map.context.install" (parent: security.firewall.context).
Symfony\Component\DependencyInjection\Compiler\ResolveDefinitionTemplatesPass: Resolving inheritance for "security.context_listener.0" (parent: security.context_listener).
Symfony\Component\DependencyInjection\Compiler\ResolveDefinitionTemplatesPass: Resolving inheritance for "security.authentication.listener.anonymous.dev" (parent: security.authentication.listener.anonymous).
Symfony\Component\DependencyInjection\Compiler\ResolveDefinitionTemplatesPass: Resolving inheritance for "security.authentication.provider.anonymous.dev" (parent: security.authentication.provider.anonymous).
Symfony\Component\DependencyInjection\Compiler\ResolveDefinitionTemplatesPass: Resolving inheritance for "security.exception_listener.dev" (parent: security.exception_listener).
Symfony\Component\DependencyInjection\Compiler\ResolveDefinitionTemplatesPass: Resolving inheritance for "security.firewall.map.context.dev" (parent: security.firewall.context).
Symfony\Component\DependencyInjection\Compiler\ResolveDefinitionTemplatesPass: Resolving inheritance for "security.context_listener.1" (parent: security.context_listener).
Symfony\Component\DependencyInjection\Compiler\ResolveDefinitionTemplatesPass: Resolving inheritance for "security.authentication.listener.anonymous.login" (parent: security.authentication.listener.anonymous).
Symfony\Component\DependencyInjection\Compiler\ResolveDefinitionTemplatesPass: Resolving inheritance for "security.authentication.provider.anonymous.login" (parent: security.authentication.provider.anonymous).
Symfony\Component\DependencyInjection\Compiler\ResolveDefinitionTemplatesPass: Resolving inheritance for "security.exception_listener.login" (parent: security.exception_listener).
Symfony\Component\DependencyInjection\Compiler\ResolveDefinitionTemplatesPass: Resolving inheritance for "security.firewall.map.context.login" (parent: security.firewall.context).
Symfony\Component\DependencyInjection\Compiler\ResolveDefinitionTemplatesPass: Resolving inheritance for "security.firewall.map.context.oauth2_token" (parent: security.firewall.context).
Symfony\Component\DependencyInjection\Compiler\ResolveDefinitionTemplatesPass: Resolving inheritance for "security.context_listener.2" (parent: security.context_listener).
Symfony\Component\DependencyInjection\Compiler\ResolveDefinitionTemplatesPass: Resolving inheritance for "security.authentication.provider.dao.oauth2_area" (parent: security.authentication.provider.dao).
Symfony\Component\DependencyInjection\Compiler\ResolveDefinitionTemplatesPass: Resolving inheritance for "security.authentication.success_handler.oauth2_area.form_login" (parent: security.authentication.success_handler).
Symfony\Component\DependencyInjection\Compiler\ResolveDefinitionTemplatesPass: Resolving inheritance for "security.authentication.failure_handler.oauth2_area.form_login" (parent: security.authentication.failure_handler).
Symfony\Component\DependencyInjection\Compiler\ResolveDefinitionTemplatesPass: Resolving inheritance for "security.authentication.listener.form" (parent: security.authentication.listener.abstract).
Symfony\Component\DependencyInjection\Compiler\ResolveDefinitionTemplatesPass: Resolving inheritance for "security.authentication.listener.form.oauth2_area" (parent: security.authentication.listener.form).
Symfony\Component\DependencyInjection\Compiler\ResolveDefinitionTemplatesPass: Resolving inheritance for "security.authentication.form_entry_point.oauth2_area" (parent: security.authentication.form_entry_point).
Symfony\Component\DependencyInjection\Compiler\ResolveDefinitionTemplatesPass: Resolving inheritance for "security.authentication.listener.anonymous.oauth2_area" (parent: security.authentication.listener.anonymous).
Symfony\Component\DependencyInjection\Compiler\ResolveDefinitionTemplatesPass: Resolving inheritance for "security.authentication.provider.anonymous.oauth2_area" (parent: security.authentication.provider.anonymous).
Symfony\Component\DependencyInjection\Compiler\ResolveDefinitionTemplatesPass: Resolving inheritance for "security.exception_listener.oauth2_area" (parent: security.exception_listener).
Symfony\Component\DependencyInjection\Compiler\ResolveDefinitionTemplatesPass: Resolving inheritance for "security.firewall.map.context.oauth2_area" (parent: security.firewall.context).
Symfony\Component\DependencyInjection\Compiler\ResolveDefinitionTemplatesPass: Resolving inheritance for "security.firewall.map.context.oauth1_request_token" (parent: security.firewall.context).
Symfony\Component\DependencyInjection\Compiler\ResolveDefinitionTemplatesPass: Resolving inheritance for "security.firewall.map.context.oauth1_access_token" (parent: security.firewall.context).
Symfony\Component\DependencyInjection\Compiler\ResolveDefinitionTemplatesPass: Resolving inheritance for "security.context_listener.3" (parent: security.context_listener).
Symfony\Component\DependencyInjection\Compiler\ResolveDefinitionTemplatesPass: Resolving inheritance for "security.authentication.provider.dao.oauth1_area" (parent: security.authentication.provider.dao).
Symfony\Component\DependencyInjection\Compiler\ResolveDefinitionTemplatesPass: Resolving inheritance for "security.authentication.success_handler.oauth1_area.form_login" (parent: security.authentication.success_handler).
Symfony\Component\DependencyInjection\Compiler\ResolveDefinitionTemplatesPass: Resolving inheritance for "security.authentication.failure_handler.oauth1_area.form_login" (parent: security.authentication.failure_handler).
Symfony\Component\DependencyInjection\Compiler\ResolveDefinitionTemplatesPass: Resolving inheritance for "security.authentication.listener.form.oauth1_area" (parent: security.authentication.listener.form).
Symfony\Component\DependencyInjection\Compiler\ResolveDefinitionTemplatesPass: Resolving inheritance for "security.authentication.form_entry_point.oauth1_area" (parent: security.authentication.form_entry_point).
Symfony\Component\DependencyInjection\Compiler\ResolveDefinitionTemplatesPass: Resolving inheritance for "security.authentication.listener.anonymous.oauth1_area" (parent: security.authentication.listener.anonymous).
Symfony\Component\DependencyInjection\Compiler\ResolveDefinitionTemplatesPass: Resolving inheritance for "security.authentication.provider.anonymous.oauth1_area" (parent: security.authentication.provider.anonymous).
Symfony\Component\DependencyInjection\Compiler\ResolveDefinitionTemplatesPass: Resolving inheritance for "security.exception_listener.oauth1_area" (parent: security.exception_listener).
Symfony\Component\DependencyInjection\Compiler\ResolveDefinitionTemplatesPass: Resolving inheritance for "security.firewall.map.context.oauth1_area" (parent: security.firewall.context).
Symfony\Component\DependencyInjection\Compiler\ResolveDefinitionTemplatesPass: Resolving inheritance for "security.authentication.provider.fos_oauth_server.api" (parent: fos_oauth_server.security.authentication.provider).
Symfony\Component\DependencyInjection\Compiler\ResolveDefinitionTemplatesPass: Resolving inheritance for "security.authentication.listener.fos_oauth_server.api" (parent: fos_oauth_server.security.authentication.listener).
Symfony\Component\DependencyInjection\Compiler\ResolveDefinitionTemplatesPass: Resolving inheritance for "security.authentication.provider.bazinga_oauth.api" (parent: bazinga.oauth.security.authentication.provider).
Symfony\Component\DependencyInjection\Compiler\ResolveDefinitionTemplatesPass: Resolving inheritance for "security.authentication.listener.bazinga_oauth.api" (parent: bazinga.oauth.security.authentication.listener).
Symfony\Component\DependencyInjection\Compiler\ResolveDefinitionTemplatesPass: Resolving inheritance for "security.exception_listener.api" (parent: security.exception_listener).
Symfony\Component\DependencyInjection\Compiler\ResolveDefinitionTemplatesPass: Resolving inheritance for "security.firewall.map.context.api" (parent: security.firewall.context).
Symfony\Component\DependencyInjection\Compiler\ResolveDefinitionTemplatesPass: Resolving inheritance for "security.logout_listener.main" (parent: security.logout_listener).
Symfony\Component\DependencyInjection\Compiler\ResolveDefinitionTemplatesPass: Resolving inheritance for "security.logout.success_handler.main" (parent: security.logout.success_handler).
Symfony\Component\DependencyInjection\Compiler\ResolveDefinitionTemplatesPass: Resolving inheritance for "security.authentication.provider.dao.main" (parent: security.authentication.provider.dao).
Symfony\Component\DependencyInjection\Compiler\ResolveDefinitionTemplatesPass: Resolving inheritance for "security.authentication.success_handler.main.form_login" (parent: security.authentication.custom_success_handler).
Symfony\Component\DependencyInjection\Compiler\ResolveDefinitionTemplatesPass: Resolving inheritance for "security.authentication.failure_handler.main.form_login" (parent: security.authentication.custom_failure_handler).
Symfony\Component\DependencyInjection\Compiler\ResolveDefinitionTemplatesPass: Resolving inheritance for "security.authentication.listener.form.main" (parent: security.authentication.listener.form).
Symfony\Component\DependencyInjection\Compiler\ResolveDefinitionTemplatesPass: Resolving inheritance for "security.authentication.form_entry_point.main" (parent: security.authentication.form_entry_point).
Symfony\Component\DependencyInjection\Compiler\ResolveDefinitionTemplatesPass: Resolving inheritance for "security.authentication.provider.rememberme.main" (parent: security.authentication.provider.rememberme).
Symfony\Component\DependencyInjection\Compiler\ResolveDefinitionTemplatesPass: Resolving inheritance for "security.authentication.rememberme.services.simplehash" (parent: security.authentication.rememberme.services.abstract).
Symfony\Component\DependencyInjection\Compiler\ResolveDefinitionTemplatesPass: Resolving inheritance for "security.authentication.rememberme.services.simplehash.main" (parent: security.authentication.rememberme.services.simplehash).
Symfony\Component\DependencyInjection\Compiler\ResolveDefinitionTemplatesPass: Resolving inheritance for "security.authentication.listener.rememberme.main" (parent: security.authentication.listener.rememberme).
Symfony\Component\DependencyInjection\Compiler\ResolveDefinitionTemplatesPass: Resolving inheritance for "security.exception_listener.main" (parent: security.exception_listener).
Symfony\Component\DependencyInjection\Compiler\ResolveDefinitionTemplatesPass: Resolving inheritance for "security.firewall.map.context.main" (parent: security.firewall.context).
Symfony\Component\DependencyInjection\Compiler\ResolveDefinitionTemplatesPass: Resolving inheritance for "security.authentication.listener.anonymous.public" (parent: security.authentication.listener.anonymous).
Symfony\Component\DependencyInjection\Compiler\ResolveDefinitionTemplatesPass: Resolving inheritance for "security.authentication.provider.anonymous.public" (parent: security.authentication.provider.anonymous).
Symfony\Component\DependencyInjection\Compiler\ResolveDefinitionTemplatesPass: Resolving inheritance for "security.exception_listener.public" (parent: security.exception_listener).
Symfony\Component\DependencyInjection\Compiler\ResolveDefinitionTemplatesPass: Resolving inheritance for "security.firewall.map.context.public" (parent: security.firewall.context).
Symfony\Component\DependencyInjection\Compiler\ResolveDefinitionTemplatesPass: Resolving inheritance for "monolog.logger" (parent: monolog.logger_prototype).
Symfony\Component\DependencyInjection\Compiler\ResolveDefinitionTemplatesPass: Resolving inheritance for "swiftmailer.mailer.default.transport.eventdispatcher" (parent: swiftmailer.transport.eventdispatcher.abstract).
Symfony\Component\DependencyInjection\Compiler\ResolveDefinitionTemplatesPass: Resolving inheritance for "swiftmailer.mailer.default.transport.mail" (parent: swiftmailer.transport.mail.abstract).
Symfony\Component\DependencyInjection\Compiler\ResolveDefinitionTemplatesPass: Resolving inheritance for "swiftmailer.mailer.default" (parent: swiftmailer.mailer.abstract).
Symfony\Component\DependencyInjection\Compiler\ResolveDefinitionTemplatesPass: Resolving inheritance for "swiftmailer.mailer.default.spool.file" (parent: swiftmailer.spool.file.abstract).
Symfony\Component\DependencyInjection\Compiler\ResolveDefinitionTemplatesPass: Resolving inheritance for "swiftmailer.mailer.default.transport.spool" (parent: swiftmailer.transport.spool.abstract).
Symfony\Component\DependencyInjection\Compiler\ResolveDefinitionTemplatesPass: Resolving inheritance for "swiftmailer.mailer.default.plugin.messagelogger" (parent: swiftmailer.plugin.messagelogger.abstract).
Symfony\Component\DependencyInjection\Compiler\ResolveDefinitionTemplatesPass: Resolving inheritance for "doctrine.dbal.default_connection.configuration" (parent: doctrine.dbal.connection.configuration).
Symfony\Component\DependencyInjection\Compiler\ResolveDefinitionTemplatesPass: Resolving inheritance for "doctrine.dbal.logger.profiling.default" (parent: doctrine.dbal.logger.profiling).
Symfony\Component\DependencyInjection\Compiler\ResolveDefinitionTemplatesPass: Resolving inheritance for "doctrine.dbal.logger.chain.default" (parent: doctrine.dbal.logger.chain).
Symfony\Component\DependencyInjection\Compiler\ResolveDefinitionTemplatesPass: Resolving inheritance for "doctrine.dbal.default_connection.event_manager" (parent: doctrine.dbal.connection.event_manager).
Symfony\Component\DependencyInjection\Compiler\ResolveDefinitionTemplatesPass: Resolving inheritance for "doctrine.dbal.default_connection" (parent: doctrine.dbal.connection).
Symfony\Component\DependencyInjection\Compiler\ResolveDefinitionTemplatesPass: Resolving inheritance for "doctrine.orm.default_configuration" (parent: doctrine.orm.configuration).
Symfony\Component\DependencyInjection\Compiler\ResolveDefinitionTemplatesPass: Resolving inheritance for "doctrine_cache.providers.doctrine.orm.default_metadata_cache" (parent: doctrine_cache.abstract.array).
Symfony\Component\DependencyInjection\Compiler\ResolveDefinitionTemplatesPass: Resolving inheritance for "doctrine_cache.providers.doctrine.orm.default_result_cache" (parent: doctrine_cache.abstract.array).
Symfony\Component\DependencyInjection\Compiler\ResolveDefinitionTemplatesPass: Resolving inheritance for "doctrine_cache.providers.doctrine.orm.default_query_cache" (parent: doctrine_cache.abstract.array).
Symfony\Component\DependencyInjection\Compiler\ResolveDefinitionTemplatesPass: Resolving inheritance for "doctrine.orm.default_manager_configurator" (parent: doctrine.orm.manager_configurator.abstract).
Symfony\Component\DependencyInjection\Compiler\ResolveDefinitionTemplatesPass: Resolving inheritance for "doctrine.orm.default_entity_manager" (parent: doctrine.orm.entity_manager.abstract).
Symfony\Component\DependencyInjection\Compiler\ResolveDefinitionTemplatesPass: Resolving inheritance for "monolog.logger.request" (parent: monolog.logger_prototype).
Symfony\Component\DependencyInjection\Compiler\ResolveDefinitionTemplatesPass: Resolving inheritance for "monolog.logger.emergency" (parent: monolog.logger_prototype).
Symfony\Component\DependencyInjection\Compiler\ResolveDefinitionTemplatesPass: Resolving inheritance for "monolog.logger.event" (parent: monolog.logger_prototype).
Symfony\Component\DependencyInjection\Compiler\ResolveDefinitionTemplatesPass: Resolving inheritance for "monolog.logger.deprecation" (parent: monolog.logger_prototype).
Symfony\Component\DependencyInjection\Compiler\ResolveDefinitionTemplatesPass: Resolving inheritance for "monolog.logger.scream" (parent: monolog.logger_prototype).
Symfony\Component\DependencyInjection\Compiler\ResolveDefinitionTemplatesPass: Resolving inheritance for "monolog.logger.security" (parent: monolog.logger_prototype).
Symfony\Component\DependencyInjection\Compiler\ResolveDefinitionTemplatesPass: Resolving inheritance for "monolog.logger.templating" (parent: monolog.logger_prototype).
Symfony\Component\DependencyInjection\Compiler\ResolveDefinitionTemplatesPass: Resolving inheritance for "monolog.logger.router" (parent: monolog.logger_prototype).
Symfony\Component\DependencyInjection\Compiler\ResolveDefinitionTemplatesPass: Resolving inheritance for "monolog.logger.doctrine" (parent: monolog.logger_prototype).
Symfony\Component\DependencyInjection\Compiler\ResolveDefinitionTemplatesPass: Resolving inheritance for "monolog.logger.mautic" (parent: monolog.logger_prototype).
Symfony\Component\DependencyInjection\Compiler\RemovePrivateAliasesPass: Removed service "validator.mapping.class_metadata_factory"; reason: private alias
Symfony\Component\DependencyInjection\Compiler\RemovePrivateAliasesPass: Removed service "security.user.provider.concrete.user_provider"; reason: private alias
Symfony\Component\DependencyInjection\Compiler\RemovePrivateAliasesPass: Removed service "doctrine.dbal.event_manager"; reason: private alias
Symfony\Component\DependencyInjection\Compiler\RemovePrivateAliasesPass: Removed service "doctrine.orm.metadata.annotation_reader"; reason: private alias
Symfony\Component\DependencyInjection\Compiler\RemovePrivateAliasesPass: Removed service "doctrine.orm.default_entity_manager.event_manager"; reason: private alias
Symfony\Component\DependencyInjection\Compiler\RemovePrivateAliasesPass: Removed service "fos_oauth_server.user_provider"; reason: private alias
Symfony\Component\DependencyInjection\Compiler\RemoveAbstractDefinitionsPass: Removed service "templating.asset.path_package"; reason: abstract
Symfony\Component\DependencyInjection\Compiler\RemoveAbstractDefinitionsPass: Removed service "templating.asset.url_package"; reason: abstract
Symfony\Component\DependencyInjection\Compiler\RemoveAbstractDefinitionsPass: Removed service "templating.asset.request_aware_package"; reason: abstract
Symfony\Component\DependencyInjection\Compiler\RemoveAbstractDefinitionsPass: Removed service "security.firewall.context"; reason: abstract
Symfony\Component\DependencyInjection\Compiler\RemoveAbstractDefinitionsPass: Removed service "security.user.provider.in_memory"; reason: abstract
Symfony\Component\DependencyInjection\Compiler\RemoveAbstractDefinitionsPass: Removed service "security.user.provider.in_memory.user"; reason: abstract
Symfony\Component\DependencyInjection\Compiler\RemoveAbstractDefinitionsPass: Removed service "security.user.provider.chain"; reason: abstract
Symfony\Component\DependencyInjection\Compiler\RemoveAbstractDefinitionsPass: Removed service "security.logout_listener"; reason: abstract
Symfony\Component\DependencyInjection\Compiler\RemoveAbstractDefinitionsPass: Removed service "security.logout.handler.cookie_clearing"; reason: abstract
Symfony\Component\DependencyInjection\Compiler\RemoveAbstractDefinitionsPass: Removed service "security.logout.success_handler"; reason: abstract
Symfony\Component\DependencyInjection\Compiler\RemoveAbstractDefinitionsPass: Removed service "security.authentication.form_entry_point"; reason: abstract
Symfony\Component\DependencyInjection\Compiler\RemoveAbstractDefinitionsPass: Removed service "security.authentication.listener.abstract"; reason: abstract
Symfony\Component\DependencyInjection\Compiler\RemoveAbstractDefinitionsPass: Removed service "security.authentication.custom_success_handler"; reason: abstract
Symfony\Component\DependencyInjection\Compiler\RemoveAbstractDefinitionsPass: Removed service "security.authentication.success_handler"; reason: abstract
Symfony\Component\DependencyInjection\Compiler\RemoveAbstractDefinitionsPass: Removed service "security.authentication.custom_failure_handler"; reason: abstract
Symfony\Component\DependencyInjection\Compiler\RemoveAbstractDefinitionsPass: Removed service "security.authentication.failure_handler"; reason: abstract
Symfony\Component\DependencyInjection\Compiler\RemoveAbstractDefinitionsPass: Removed service "security.authentication.listener.form"; reason: abstract
Symfony\Component\DependencyInjection\Compiler\RemoveAbstractDefinitionsPass: Removed service "security.authentication.listener.simple_form"; reason: abstract
Symfony\Component\DependencyInjection\Compiler\RemoveAbstractDefinitionsPass: Removed service "security.authentication.simple_success_failure_handler"; reason: abstract
Symfony\Component\DependencyInjection\Compiler\RemoveAbstractDefinitionsPass: Removed service "security.authentication.listener.simple_preauth"; reason: abstract
Symfony\Component\DependencyInjection\Compiler\RemoveAbstractDefinitionsPass: Removed service "security.authentication.listener.x509"; reason: abstract
Symfony\Component\DependencyInjection\Compiler\RemoveAbstractDefinitionsPass: Removed service "security.authentication.listener.remote_user"; reason: abstract
Symfony\Component\DependencyInjection\Compiler\RemoveAbstractDefinitionsPass: Removed service "security.authentication.listener.basic"; reason: abstract
Symfony\Component\DependencyInjection\Compiler\RemoveAbstractDefinitionsPass: Removed service "security.authentication.listener.digest"; reason: abstract
Symfony\Component\DependencyInjection\Compiler\RemoveAbstractDefinitionsPass: Removed service "security.authentication.provider.dao"; reason: abstract
Symfony\Component\DependencyInjection\Compiler\RemoveAbstractDefinitionsPass: Removed service "security.authentication.provider.simple"; reason: abstract
Symfony\Component\DependencyInjection\Compiler\RemoveAbstractDefinitionsPass: Removed service "security.authentication.provider.pre_authenticated"; reason: abstract
Symfony\Component\DependencyInjection\Compiler\RemoveAbstractDefinitionsPass: Removed service "security.exception_listener"; reason: abstract
Symfony\Component\DependencyInjection\Compiler\RemoveAbstractDefinitionsPass: Removed service "security.authentication.switchuser_listener"; reason: abstract
Symfony\Component\DependencyInjection\Compiler\RemoveAbstractDefinitionsPass: Removed service "security.authentication.listener.rememberme"; reason: abstract
Symfony\Component\DependencyInjection\Compiler\RemoveAbstractDefinitionsPass: Removed service "security.authentication.provider.rememberme"; reason: abstract
Symfony\Component\DependencyInjection\Compiler\RemoveAbstractDefinitionsPass: Removed service "security.authentication.rememberme.services.abstract"; reason: abstract
Symfony\Component\DependencyInjection\Compiler\RemoveAbstractDefinitionsPass: Removed service "security.authentication.rememberme.services.persistent"; reason: abstract
Symfony\Component\DependencyInjection\Compiler\RemoveAbstractDefinitionsPass: Removed service "security.authentication.rememberme.services.simplehash"; reason: abstract
Symfony\Component\DependencyInjection\Compiler\RemoveAbstractDefinitionsPass: Removed service "monolog.logger_prototype"; reason: abstract
Symfony\Component\DependencyInjection\Compiler\RemoveAbstractDefinitionsPass: Removed service "swiftmailer.mailer.abstract"; reason: abstract
Symfony\Component\DependencyInjection\Compiler\RemoveAbstractDefinitionsPass: Removed service "swiftmailer.transport.sendmail.abstract"; reason: abstract
Symfony\Component\DependencyInjection\Compiler\RemoveAbstractDefinitionsPass: Removed service "swiftmailer.transport.mail.abstract"; reason: abstract
Symfony\Component\DependencyInjection\Compiler\RemoveAbstractDefinitionsPass: Removed service "swiftmailer.transport.null.abstract"; reason: abstract
Symfony\Component\DependencyInjection\Compiler\RemoveAbstractDefinitionsPass: Removed service "swiftmailer.transport.buffer.abstract"; reason: abstract
Symfony\Component\DependencyInjection\Compiler\RemoveAbstractDefinitionsPass: Removed service "swiftmailer.transport.authhandler.abstract"; reason: abstract
Symfony\Component\DependencyInjection\Compiler\RemoveAbstractDefinitionsPass: Removed service "swiftmailer.transport.eventdispatcher.abstract"; reason: abstract
Symfony\Component\DependencyInjection\Compiler\RemoveAbstractDefinitionsPass: Removed service "swiftmailer.plugin.redirecting.abstract"; reason: abstract
Symfony\Component\DependencyInjection\Compiler\RemoveAbstractDefinitionsPass: Removed service "swiftmailer.plugin.antiflood.abstract"; reason: abstract
Symfony\Component\DependencyInjection\Compiler\RemoveAbstractDefinitionsPass: Removed service "swiftmailer.plugin.impersonate.abstract"; reason: abstract
Symfony\Component\DependencyInjection\Compiler\RemoveAbstractDefinitionsPass: Removed service "swiftmailer.plugin.messagelogger.abstract"; reason: abstract
Symfony\Component\DependencyInjection\Compiler\RemoveAbstractDefinitionsPass: Removed service "swiftmailer.transport.smtp.abstract"; reason: abstract
Symfony\Component\DependencyInjection\Compiler\RemoveAbstractDefinitionsPass: Removed service "swiftmailer.transport.spool.abstract"; reason: abstract
Symfony\Component\DependencyInjection\Compiler\RemoveAbstractDefinitionsPass: Removed service "swiftmailer.spool.file.abstract"; reason: abstract
Symfony\Component\DependencyInjection\Compiler\RemoveAbstractDefinitionsPass: Removed service "swiftmailer.spool.memory.abstract"; reason: abstract
Symfony\Component\DependencyInjection\Compiler\RemoveAbstractDefinitionsPass: Removed service "doctrine_cache.abstract.apc"; reason: abstract
Symfony\Component\DependencyInjection\Compiler\RemoveAbstractDefinitionsPass: Removed service "doctrine_cache.abstract.apcu"; reason: abstract
Symfony\Component\DependencyInjection\Compiler\RemoveAbstractDefinitionsPass: Removed service "doctrine_cache.abstract.array"; reason: abstract
Symfony\Component\DependencyInjection\Compiler\RemoveAbstractDefinitionsPass: Removed service "doctrine_cache.abstract.chain"; reason: abstract
Symfony\Component\DependencyInjection\Compiler\RemoveAbstractDefinitionsPass: Removed service "doctrine_cache.abstract.couchbase"; reason: abstract
Symfony\Component\DependencyInjection\Compiler\RemoveAbstractDefinitionsPass: Removed service "doctrine_cache.abstract.file_system"; reason: abstract
Symfony\Component\DependencyInjection\Compiler\RemoveAbstractDefinitionsPass: Removed service "doctrine_cache.abstract.php_file"; reason: abstract
Symfony\Component\DependencyInjection\Compiler\RemoveAbstractDefinitionsPass: Removed service "doctrine_cache.abstract.memcache"; reason: abstract
Symfony\Component\DependencyInjection\Compiler\RemoveAbstractDefinitionsPass: Removed service "doctrine_cache.abstract.memcached"; reason: abstract
Symfony\Component\DependencyInjection\Compiler\RemoveAbstractDefinitionsPass: Removed service "doctrine_cache.abstract.mongodb"; reason: abstract
Symfony\Component\DependencyInjection\Compiler\RemoveAbstractDefinitionsPass: Removed service "doctrine_cache.abstract.redis"; reason: abstract
Symfony\Component\DependencyInjection\Compiler\RemoveAbstractDefinitionsPass: Removed service "doctrine_cache.abstract.predis"; reason: abstract
Symfony\Component\DependencyInjection\Compiler\RemoveAbstractDefinitionsPass: Removed service "doctrine_cache.abstract.riak"; reason: abstract
Symfony\Component\DependencyInjection\Compiler\RemoveAbstractDefinitionsPass: Removed service "doctrine_cache.abstract.sqlite3"; reason: abstract
Symfony\Component\DependencyInjection\Compiler\RemoveAbstractDefinitionsPass: Removed service "doctrine_cache.abstract.void"; reason: abstract
Symfony\Component\DependencyInjection\Compiler\RemoveAbstractDefinitionsPass: Removed service "doctrine_cache.abstract.wincache"; reason: abstract
Symfony\Component\DependencyInjection\Compiler\RemoveAbstractDefinitionsPass: Removed service "doctrine_cache.abstract.xcache"; reason: abstract
Symfony\Component\DependencyInjection\Compiler\RemoveAbstractDefinitionsPass: Removed service "doctrine_cache.abstract.zenddata"; reason: abstract
Symfony\Component\DependencyInjection\Compiler\RemoveAbstractDefinitionsPass: Removed service "doctrine.dbal.logger.chain"; reason: abstract
Symfony\Component\DependencyInjection\Compiler\RemoveAbstractDefinitionsPass: Removed service "doctrine.dbal.logger.profiling"; reason: abstract
Symfony\Component\DependencyInjection\Compiler\RemoveAbstractDefinitionsPass: Removed service "doctrine.dbal.connection"; reason: abstract
Symfony\Component\DependencyInjection\Compiler\RemoveAbstractDefinitionsPass: Removed service "doctrine.dbal.connection.event_manager"; reason: abstract
Symfony\Component\DependencyInjection\Compiler\RemoveAbstractDefinitionsPass: Removed service "doctrine.dbal.connection.configuration"; reason: abstract
Symfony\Component\DependencyInjection\Compiler\RemoveAbstractDefinitionsPass: Removed service "doctrine.orm.configuration"; reason: abstract
Symfony\Component\DependencyInjection\Compiler\RemoveAbstractDefinitionsPass: Removed service "doctrine.orm.entity_manager.abstract"; reason: abstract
Symfony\Component\DependencyInjection\Compiler\RemoveAbstractDefinitionsPass: Removed service "doctrine.orm.manager_configurator.abstract"; reason: abstract
Symfony\Component\DependencyInjection\Compiler\RemoveAbstractDefinitionsPass: Removed service "doctrine.orm.security.user.provider"; reason: abstract
Symfony\Component\DependencyInjection\Compiler\RemoveAbstractDefinitionsPass: Removed service "jms_serializer.version_exclusion_strategy"; reason: abstract
Symfony\Component\DependencyInjection\Compiler\ReplaceAliasByActualDefinitionPass: Changed reference of service "templating.engine.php" previously pointing to "templating.loader.filesystem" to "templating.loader".
Symfony\Component\DependencyInjection\Compiler\ReplaceAliasByActualDefinitionPass: Changed reference of service "templating.engine.delegating" previously pointing to "templating.engine.php" to "debug.templating.engine.php".
Symfony\Component\DependencyInjection\Compiler\ReplaceAliasByActualDefinitionPass: Changed reference of service "templating.form.engine" previously pointing to "templating.engine.php" to "debug.templating.engine.php".
Symfony\Component\DependencyInjection\Compiler\ReplaceAliasByActualDefinitionPass: Changed reference of service "bazinga.oauth.controller.server" previously pointing to "templating.engine.delegating" to "templating".
Symfony\Component\DependencyInjection\Compiler\ReplaceAliasByActualDefinitionPass: Changed reference of service "bazinga.oauth.controller.login" previously pointing to "templating.engine.delegating" to "templating".
Symfony\Component\DependencyInjection\Compiler\ReplaceAliasByActualDefinitionPass: Changed reference of service "locale_listener" previously pointing to "router.default" to "router".
Symfony\Component\DependencyInjection\Compiler\ReplaceAliasByActualDefinitionPass: Changed reference of service "templating.helper.router" previously pointing to "router.default" to "router".
Symfony\Component\DependencyInjection\Compiler\ReplaceAliasByActualDefinitionPass: Changed reference of service "router.cache_warmer" previously pointing to "router.default" to "router".
Symfony\Component\DependencyInjection\Compiler\ReplaceAliasByActualDefinitionPass: Changed reference of service "router_listener" previously pointing to "router.default" to "router".
Symfony\Component\DependencyInjection\Compiler\ReplaceAliasByActualDefinitionPass: Changed reference of service "security.http_utils" previously pointing to "router.default" to "router".
Symfony\Component\DependencyInjection\Compiler\ReplaceAliasByActualDefinitionPass: Changed reference of service "security.http_utils" previously pointing to "router.default" to "router".
Symfony\Component\DependencyInjection\Compiler\ReplaceAliasByActualDefinitionPass: Changed reference of service "templating.helper.logout_url" previously pointing to "router.default" to "router".
Symfony\Component\DependencyInjection\Compiler\ReplaceAliasByActualDefinitionPass: Changed reference of service "knp_menu.factory_extension.routing" previously pointing to "router.default" to "router".
Symfony\Component\DependencyInjection\Compiler\ReplaceAliasByActualDefinitionPass: Changed reference of service "bazinga.oauth.controller.server" previously pointing to "router.default" to "router".
Symfony\Component\DependencyInjection\Compiler\ReplaceAliasByActualDefinitionPass: Changed reference of service "oneup_uploader.templating.uploader_helper" previously pointing to "router.default" to "router".
Symfony\Component\DependencyInjection\Compiler\ReplaceAliasByActualDefinitionPass: Changed reference of service "twig.extension.routing" previously pointing to "router.default" to "router".
Symfony\Component\DependencyInjection\Compiler\ReplaceAliasByActualDefinitionPass: Changed reference of service "mautic.security.authentication_handler" previously pointing to "router.default" to "router".
Symfony\Component\DependencyInjection\Compiler\ReplaceAliasByActualDefinitionPass: Changed reference of service "fos_rest.routing.loader.reader.controller" previously pointing to "annotations.file_cache_reader" to "annotation_reader".
Symfony\Component\DependencyInjection\Compiler\ReplaceAliasByActualDefinitionPass: Changed reference of service "fos_rest.routing.loader.reader.action" previously pointing to "annotations.file_cache_reader" to "annotation_reader".
Symfony\Component\DependencyInjection\Compiler\ReplaceAliasByActualDefinitionPass: Changed reference of service "fos_rest.request.param_fetcher.reader" previously pointing to "annotations.file_cache_reader" to "annotation_reader".
Symfony\Component\DependencyInjection\Compiler\ReplaceAliasByActualDefinitionPass: Changed reference of service "jms_serializer.metadata.annotation_driver" previously pointing to "annotations.file_cache_reader" to "annotation_reader".
Symfony\Component\DependencyInjection\Compiler\ReplaceAliasByActualDefinitionPass: Changed reference of service "security.user_password_encoder.generic" previously pointing to "security.encoder_factory.generic" to "security.encoder_factory".
Symfony\Component\DependencyInjection\Compiler\ReplaceAliasByActualDefinitionPass: Changed reference of service "security.validator.user_password" previously pointing to "security.encoder_factory.generic" to "security.encoder_factory".
Symfony\Component\DependencyInjection\Compiler\ReplaceAliasByActualDefinitionPass: Changed reference of service "security.authentication.provider.dao.oauth2_area" previously pointing to "security.encoder_factory.generic" to "security.encoder_factory".
Symfony\Component\DependencyInjection\Compiler\ReplaceAliasByActualDefinitionPass: Changed reference of service "security.authentication.provider.dao.oauth1_area" previously pointing to "security.encoder_factory.generic" to "security.encoder_factory".
Symfony\Component\DependencyInjection\Compiler\ReplaceAliasByActualDefinitionPass: Changed reference of service "security.authentication.provider.dao.main" previously pointing to "security.encoder_factory.generic" to "security.encoder_factory".
Symfony\Component\DependencyInjection\Compiler\ReplaceAliasByActualDefinitionPass: Changed reference of service "fos_oauth_server.storage.default" previously pointing to "security.encoder_factory.generic" to "security.encoder_factory".
Symfony\Component\DependencyInjection\Compiler\ReplaceAliasByActualDefinitionPass: Changed reference of service "swiftmailer.email_sender.listener" previously pointing to "monolog.logger" to "logger".
Symfony\Component\DependencyInjection\Compiler\ReplaceAliasByActualDefinitionPass: Changed reference of service "bazinga.oauth.server_service" previously pointing to "monolog.logger" to "logger".
Symfony\Component\DependencyInjection\Compiler\ReplaceAliasByActualDefinitionPass: Changed reference of service "swiftmailer.mailer.default" previously pointing to "swiftmailer.mailer.default.transport.spool" to "swiftmailer.mailer.default.transport".
Symfony\Component\DependencyInjection\Compiler\ReplaceAliasByActualDefinitionPass: Changed reference of service "swiftmailer.mailer.default.transport" previously pointing to "swiftmailer.mailer.default.spool.file" to "swiftmailer.mailer.default.spool".
Symfony\Component\DependencyInjection\Compiler\ReplaceAliasByActualDefinitionPass: Changed reference of service "fos_oauth_server.server" previously pointing to "fos_oauth_server.storage.default" to "fos_oauth_server.storage".
Symfony\Component\DependencyInjection\Compiler\ReplaceAliasByActualDefinitionPass: Changed reference of service "jms_serializer.twig_extension.serializer" previously pointing to "jms_serializer.serializer" to "fos_rest.serializer".
Symfony\Component\DependencyInjection\Compiler\ReplaceAliasByActualDefinitionPass: Changed reference of service "jms_serializer.templating.helper.serializer" previously pointing to "jms_serializer.serializer" to "fos_rest.serializer".
Symfony\Component\DependencyInjection\Compiler\ReplaceAliasByActualDefinitionPass: Changed reference of service "jms_serializer.json_serialization_visitor" previously pointing to "jms_serializer.cache_naming_strategy" to "jms_serializer.naming_strategy".
Symfony\Component\DependencyInjection\Compiler\ReplaceAliasByActualDefinitionPass: Changed reference of service "jms_serializer.json_deserialization_visitor" previously pointing to "jms_serializer.cache_naming_strategy" to "jms_serializer.naming_strategy".
Symfony\Component\DependencyInjection\Compiler\ReplaceAliasByActualDefinitionPass: Changed reference of service "jms_serializer.xml_serialization_visitor" previously pointing to "jms_serializer.cache_naming_strategy" to "jms_serializer.naming_strategy".
Symfony\Component\DependencyInjection\Compiler\ReplaceAliasByActualDefinitionPass: Changed reference of service "jms_serializer.xml_deserialization_visitor" previously pointing to "jms_serializer.cache_naming_strategy" to "jms_serializer.naming_strategy".
Symfony\Component\DependencyInjection\Compiler\ReplaceAliasByActualDefinitionPass: Changed reference of service "jms_serializer.yaml_serialization_visitor" previously pointing to "jms_serializer.cache_naming_strategy" to "jms_serializer.naming_strategy".
Symfony\Component\DependencyInjection\Compiler\ReplaceAliasByActualDefinitionPass: Changed reference of service "twig" previously pointing to "twig.loader.filesystem" to "twig.loader".
Symfony\Component\DependencyInjection\Compiler\ReplaceAliasByActualDefinitionPass: Changed reference of service "templating" previously pointing to "templating.engine.twig" to "debug.templating.engine.twig".
Symfony\Component\DependencyInjection\Compiler\ReplaceAliasByActualDefinitionPass: Changed reference of service "knp_menu.helper" previously pointing to "knp_menu.menu_provider.chain" to "knp_menu.menu_provider".
Symfony\Component\DependencyInjection\Compiler\InlineServiceDefinitionsPass: Inlined service "templating.cache_warmer.template_paths" to "cache_warmer".
Symfony\Component\DependencyInjection\Compiler\InlineServiceDefinitionsPass: Inlined service "router.cache_warmer" to "cache_warmer".
Symfony\Component\DependencyInjection\Compiler\InlineServiceDefinitionsPass: Inlined service "doctrine.orm.proxy_cache_warmer" to "cache_warmer".
Symfony\Component\DependencyInjection\Compiler\InlineServiceDefinitionsPass: Inlined service "twig.cache_warmer" to "cache_warmer".
Symfony\Component\DependencyInjection\Compiler\InlineServiceDefinitionsPass: Inlined service "translator.selector" to "translator.default".
Symfony\Component\DependencyInjection\Compiler\InlineServiceDefinitionsPass: Inlined service "debug.event_dispatcher.parent" to "debug.event_dispatcher".
Symfony\Component\DependencyInjection\Compiler\InlineServiceDefinitionsPass: Inlined service "controller_resolver" to "debug.controller_resolver".
Symfony\Component\DependencyInjection\Compiler\InlineServiceDefinitionsPass: Inlined service "session.attribute_bag" to "session".
Symfony\Component\DependencyInjection\Compiler\InlineServiceDefinitionsPass: Inlined service "session.flash_bag" to "session".
Symfony\Component\DependencyInjection\Compiler\InlineServiceDefinitionsPass: Inlined service "form.extension" to "form.registry".
Symfony\Component\DependencyInjection\Compiler\InlineServiceDefinitionsPass: Inlined service "form.type_extension.form.request_handler" to "form.type_extension.form.http_foundation".
Symfony\Component\DependencyInjection\Compiler\InlineServiceDefinitionsPass: Inlined service "security.csrf.token_generator" to "security.csrf.token_manager".
Symfony\Component\DependencyInjection\Compiler\InlineServiceDefinitionsPass: Inlined service "security.csrf.token_storage" to "security.csrf.token_manager".
Symfony\Component\DependencyInjection\Compiler\InlineServiceDefinitionsPass: Inlined service "templating.asset.default_package" to "templating.helper.assets".
Symfony\Component\DependencyInjection\Compiler\InlineServiceDefinitionsPass: Inlined service "templating.form.renderer" to "templating.helper.form".
Symfony\Component\DependencyInjection\Compiler\InlineServiceDefinitionsPass: Inlined service "templating.form.engine" to "templating.form.renderer".
Symfony\Component\DependencyInjection\Compiler\InlineServiceDefinitionsPass: Inlined service "validator.validator_factory" to "validator.builder".
Symfony\Component\DependencyInjection\Compiler\InlineServiceDefinitionsPass: Inlined service "routing.loader.xml" to "routing.resolver".
Symfony\Component\DependencyInjection\Compiler\InlineServiceDefinitionsPass: Inlined service "routing.loader.yml" to "routing.resolver".
Symfony\Component\DependencyInjection\Compiler\InlineServiceDefinitionsPass: Inlined service "routing.loader.php" to "routing.resolver".
Symfony\Component\DependencyInjection\Compiler\InlineServiceDefinitionsPass: Inlined service "routing.resolver" to "routing.loader".
Symfony\Component\DependencyInjection\Compiler\InlineServiceDefinitionsPass: Inlined service "security.authentication.provider.anonymous.dev" to "security.authentication.manager".
Symfony\Component\DependencyInjection\Compiler\InlineServiceDefinitionsPass: Inlined service "security.authentication.provider.anonymous.login" to "security.authentication.manager".
Symfony\Component\DependencyInjection\Compiler\InlineServiceDefinitionsPass: Inlined service "security.authentication.provider.dao.oauth2_area" to "security.authentication.manager".
Symfony\Component\DependencyInjection\Compiler\InlineServiceDefinitionsPass: Inlined service "security.authentication.provider.anonymous.oauth2_area" to "security.authentication.manager".
Symfony\Component\DependencyInjection\Compiler\InlineServiceDefinitionsPass: Inlined service "security.authentication.provider.dao.oauth1_area" to "security.authentication.manager".
Symfony\Component\DependencyInjection\Compiler\InlineServiceDefinitionsPass: Inlined service "security.authentication.provider.anonymous.oauth1_area" to "security.authentication.manager".
Symfony\Component\DependencyInjection\Compiler\InlineServiceDefinitionsPass: Inlined service "security.authentication.provider.fos_oauth_server.api" to "security.authentication.manager".
Symfony\Component\DependencyInjection\Compiler\InlineServiceDefinitionsPass: Inlined service "security.authentication.provider.bazinga_oauth.api" to "security.authentication.manager".
Symfony\Component\DependencyInjection\Compiler\InlineServiceDefinitionsPass: Inlined service "security.authentication.provider.dao.main" to "security.authentication.manager".
Symfony\Component\DependencyInjection\Compiler\InlineServiceDefinitionsPass: Inlined service "security.authentication.provider.rememberme.main" to "security.authentication.manager".
Symfony\Component\DependencyInjection\Compiler\InlineServiceDefinitionsPass: Inlined service "security.authentication.provider.anonymous.public" to "security.authentication.manager".
Symfony\Component\DependencyInjection\Compiler\InlineServiceDefinitionsPass: Inlined service "security.access.role_hierarchy_voter" to "security.access.decision_manager".
Symfony\Component\DependencyInjection\Compiler\InlineServiceDefinitionsPass: Inlined service "security.access.authenticated_voter" to "security.access.decision_manager".
Symfony\Component\DependencyInjection\Compiler\InlineServiceDefinitionsPass: Inlined service "security.role_hierarchy" to "security.access.role_hierarchy_voter".
Symfony\Component\DependencyInjection\Compiler\InlineServiceDefinitionsPass: Inlined service "security.firewall.map" to "security.firewall".
Symfony\Component\DependencyInjection\Compiler\InlineServiceDefinitionsPass: Inlined service "security.request_matcher.775fd1f89e94353a0088488684ad76e762d33a2e8ae255bd4c4babf0a542981ec21f3928" to "security.firewall.map".
Symfony\Component\DependencyInjection\Compiler\InlineServiceDefinitionsPass: Inlined service "security.request_matcher.5314eeb91110adf24b9b678372bb11bbe00e8858c519c088bfb65f525181ad3bf573fd1d" to "security.firewall.map".
Symfony\Component\DependencyInjection\Compiler\InlineServiceDefinitionsPass: Inlined service "security.request_matcher.39632e4806041f70fac8f84a8e38ffab9fac970003edf2df5648b209c45286d50207af50" to "security.firewall.map".
Symfony\Component\DependencyInjection\Compiler\InlineServiceDefinitionsPass: Inlined service "security.request_matcher.9aeba7fba005ca2de6ea0e58141fd0f560b96c6bfaf30a7f437ed27f98a09bf8fd4a1ccf" to "security.firewall.map".
Symfony\Component\DependencyInjection\Compiler\InlineServiceDefinitionsPass: Inlined service "security.request_matcher.703d08975672b904376719cc8d38b2ae328ec274cadf4ecff82cea6649cbaafd919abfc2" to "security.firewall.map".
Symfony\Component\DependencyInjection\Compiler\InlineServiceDefinitionsPass: Inlined service "security.request_matcher.07451dabe1f88633bb0cdb264001564bb5d2fd3dd60c84e8d907b74839a48a4d39089cd1" to "security.firewall.map".
Symfony\Component\DependencyInjection\Compiler\InlineServiceDefinitionsPass: Inlined service "security.request_matcher.72ae165a332ba2d13f36735720bb3dca8a2be0a172dd6a4afd575bc81e462ea2f2d7baf2" to "security.firewall.map".
Symfony\Component\DependencyInjection\Compiler\InlineServiceDefinitionsPass: Inlined service "security.request_matcher.3d37931eb623b0c353b292eff0d2a8a652cd89e544bad599f2e822a9d49cfb35e8fdc188" to "security.firewall.map".
Symfony\Component\DependencyInjection\Compiler\InlineServiceDefinitionsPass: Inlined service "security.request_matcher.83414b4f59ab53f8865b08d5074e037efbb06e57ccba58ede5e1ed417a9ddcd1b645c11b" to "security.firewall.map".
Symfony\Component\DependencyInjection\Compiler\InlineServiceDefinitionsPass: Inlined service "security.request_matcher.198b897db024dfd94306d2d4842e376f6c26d012ee3c0cb7ae9b3c4a24a272ee0f27a663" to "security.firewall.map".
Symfony\Component\DependencyInjection\Compiler\InlineServiceDefinitionsPass: Inlined service "security.request_matcher.a64d671f18e5575531d76c1d1154fdc4476cb8a79c02ed7a3469178c6d7b96b5ed4e60db" to "security.firewall.map".
Symfony\Component\DependencyInjection\Compiler\InlineServiceDefinitionsPass: Inlined service "security.authentication.retry_entry_point" to "security.channel_listener".
Symfony\Component\DependencyInjection\Compiler\InlineServiceDefinitionsPass: Inlined service "security.request_matcher.290fc093544fcae702752ac54c2ed0eff7cfcc028712d8548f8525170b532ff4ed7911ce" to "security.access_map".
Symfony\Component\DependencyInjection\Compiler\InlineServiceDefinitionsPass: Inlined service "security.context_listener.0" to "security.firewall.map.context.dev".
Symfony\Component\DependencyInjection\Compiler\InlineServiceDefinitionsPass: Inlined service "security.authentication.listener.anonymous.dev" to "security.firewall.map.context.dev".
Symfony\Component\DependencyInjection\Compiler\InlineServiceDefinitionsPass: Inlined service "security.exception_listener.dev" to "security.firewall.map.context.dev".
Symfony\Component\DependencyInjection\Compiler\InlineServiceDefinitionsPass: Inlined service "security.authentication.listener.anonymous.login" to "security.firewall.map.context.login".
Symfony\Component\DependencyInjection\Compiler\InlineServiceDefinitionsPass: Inlined service "security.exception_listener.login" to "security.firewall.map.context.login".
Symfony\Component\DependencyInjection\Compiler\InlineServiceDefinitionsPass: Inlined service "security.authentication.success_handler.oauth2_area.form_login" to "security.authentication.listener.form.oauth2_area".
Symfony\Component\DependencyInjection\Compiler\InlineServiceDefinitionsPass: Inlined service "security.authentication.failure_handler.oauth2_area.form_login" to "security.authentication.listener.form.oauth2_area".
Symfony\Component\DependencyInjection\Compiler\InlineServiceDefinitionsPass: Inlined service "security.authentication.form_entry_point.oauth2_area" to "security.exception_listener.oauth2_area".
Symfony\Component\DependencyInjection\Compiler\InlineServiceDefinitionsPass: Inlined service "security.context_listener.2" to "security.firewall.map.context.oauth2_area".
Symfony\Component\DependencyInjection\Compiler\InlineServiceDefinitionsPass: Inlined service "security.authentication.listener.form.oauth2_area" to "security.firewall.map.context.oauth2_area".
Symfony\Component\DependencyInjection\Compiler\InlineServiceDefinitionsPass: Inlined service "security.authentication.listener.anonymous.oauth2_area" to "security.firewall.map.context.oauth2_area".
Symfony\Component\DependencyInjection\Compiler\InlineServiceDefinitionsPass: Inlined service "security.exception_listener.oauth2_area" to "security.firewall.map.context.oauth2_area".
Symfony\Component\DependencyInjection\Compiler\InlineServiceDefinitionsPass: Inlined service "security.authentication.success_handler.oauth1_area.form_login" to "security.authentication.listener.form.oauth1_area".
Symfony\Component\DependencyInjection\Compiler\InlineServiceDefinitionsPass: Inlined service "security.authentication.failure_handler.oauth1_area.form_login" to "security.authentication.listener.form.oauth1_area".
Symfony\Component\DependencyInjection\Compiler\InlineServiceDefinitionsPass: Inlined service "security.authentication.form_entry_point.oauth1_area" to "security.exception_listener.oauth1_area".
Symfony\Component\DependencyInjection\Compiler\InlineServiceDefinitionsPass: Inlined service "security.context_listener.3" to "security.firewall.map.context.oauth1_area".
Symfony\Component\DependencyInjection\Compiler\InlineServiceDefinitionsPass: Inlined service "security.authentication.listener.form.oauth1_area" to "security.firewall.map.context.oauth1_area".
Symfony\Component\DependencyInjection\Compiler\InlineServiceDefinitionsPass: Inlined service "security.authentication.listener.anonymous.oauth1_area" to "security.firewall.map.context.oauth1_area".
Symfony\Component\DependencyInjection\Compiler\InlineServiceDefinitionsPass: Inlined service "security.exception_listener.oauth1_area" to "security.firewall.map.context.oauth1_area".
Symfony\Component\DependencyInjection\Compiler\InlineServiceDefinitionsPass: Inlined service "fos_oauth_server.security.entry_point" to "security.exception_listener.api".
Symfony\Component\DependencyInjection\Compiler\InlineServiceDefinitionsPass: Inlined service "security.authentication.listener.fos_oauth_server.api" to "security.firewall.map.context.api".
Symfony\Component\DependencyInjection\Compiler\InlineServiceDefinitionsPass: Inlined service "security.authentication.listener.bazinga_oauth.api" to "security.firewall.map.context.api".
Symfony\Component\DependencyInjection\Compiler\InlineServiceDefinitionsPass: Inlined service "security.exception_listener.api" to "security.firewall.map.context.api".
Symfony\Component\DependencyInjection\Compiler\InlineServiceDefinitionsPass: Inlined service "security.logout.success_handler.main" to "security.logout_listener.main".
Symfony\Component\DependencyInjection\Compiler\InlineServiceDefinitionsPass: Inlined service "security.logout.handler.session" to "security.logout_listener.main".
Symfony\Component\DependencyInjection\Compiler\InlineServiceDefinitionsPass: Inlined service "security.authentication.success_handler.main.form_login" to "security.authentication.listener.form.main".
Symfony\Component\DependencyInjection\Compiler\InlineServiceDefinitionsPass: Inlined service "security.authentication.failure_handler.main.form_login" to "security.authentication.listener.form.main".
Symfony\Component\DependencyInjection\Compiler\InlineServiceDefinitionsPass: Inlined service "security.authentication.form_entry_point.main" to "security.exception_listener.main".
Symfony\Component\DependencyInjection\Compiler\InlineServiceDefinitionsPass: Inlined service "security.logout_listener.main" to "security.firewall.map.context.main".
Symfony\Component\DependencyInjection\Compiler\InlineServiceDefinitionsPass: Inlined service "security.authentication.listener.form.main" to "security.firewall.map.context.main".
Symfony\Component\DependencyInjection\Compiler\InlineServiceDefinitionsPass: Inlined service "security.authentication.listener.rememberme.main" to "security.firewall.map.context.main".
Symfony\Component\DependencyInjection\Compiler\InlineServiceDefinitionsPass: Inlined service "security.exception_listener.main" to "security.firewall.map.context.main".
Symfony\Component\DependencyInjection\Compiler\InlineServiceDefinitionsPass: Inlined service "security.authentication.listener.anonymous.public" to "security.firewall.map.context.public".
Symfony\Component\DependencyInjection\Compiler\InlineServiceDefinitionsPass: Inlined service "security.exception_listener.public" to "security.firewall.map.context.public".
Symfony\Component\DependencyInjection\Compiler\InlineServiceDefinitionsPass: Inlined service "doctrine.dbal.logger.chain.default" to "doctrine.dbal.default_connection.configuration".
Symfony\Component\DependencyInjection\Compiler\InlineServiceDefinitionsPass: Inlined service "doctrine.dbal.logger" to "doctrine.dbal.logger.chain.default".
Symfony\Component\DependencyInjection\Compiler\InlineServiceDefinitionsPass: Inlined service "doctrine.dbal.default_connection.configuration" to "doctrine.dbal.default_connection".
Symfony\Component\DependencyInjection\Compiler\InlineServiceDefinitionsPass: Inlined service "doctrine.dbal.default_connection.event_manager" to "doctrine.dbal.default_connection".
Symfony\Component\DependencyInjection\Compiler\InlineServiceDefinitionsPass: Inlined service "doctrine.orm.default_metadata_driver" to "doctrine.orm.default_configuration".
Symfony\Component\DependencyInjection\Compiler\InlineServiceDefinitionsPass: Inlined service "doctrine.orm.naming_strategy.default" to "doctrine.orm.default_configuration".
Symfony\Component\DependencyInjection\Compiler\InlineServiceDefinitionsPass: Inlined service "doctrine.orm.quote_strategy.default" to "doctrine.orm.default_configuration".
Symfony\Component\DependencyInjection\Compiler\InlineServiceDefinitionsPass: Inlined service "doctrine.orm.default_staticphp_metadata_driver" to "doctrine.orm.default_metadata_driver".
Symfony\Component\DependencyInjection\Compiler\InlineServiceDefinitionsPass: Inlined service "doctrine.orm.default_staticphp_metadata_driver" to "doctrine.orm.default_metadata_driver".
Symfony\Component\DependencyInjection\Compiler\InlineServiceDefinitionsPass: Inlined service "doctrine.orm.default_staticphp_metadata_driver" to "doctrine.orm.default_metadata_driver".
Symfony\Component\DependencyInjection\Compiler\InlineServiceDefinitionsPass: Inlined service "doctrine.orm.default_staticphp_metadata_driver" to "doctrine.orm.default_metadata_driver".
Symfony\Component\DependencyInjection\Compiler\InlineServiceDefinitionsPass: Inlined service "doctrine.orm.default_staticphp_metadata_driver" to "doctrine.orm.default_metadata_driver".
Symfony\Component\DependencyInjection\Compiler\InlineServiceDefinitionsPass: Inlined service "doctrine.orm.default_staticphp_metadata_driver" to "doctrine.orm.default_metadata_driver".
Symfony\Component\DependencyInjection\Compiler\InlineServiceDefinitionsPass: Inlined service "doctrine.orm.default_staticphp_metadata_driver" to "doctrine.orm.default_metadata_driver".
Symfony\Component\DependencyInjection\Compiler\InlineServiceDefinitionsPass: Inlined service "doctrine.orm.default_staticphp_metadata_driver" to "doctrine.orm.default_metadata_driver".
Symfony\Component\DependencyInjection\Compiler\InlineServiceDefinitionsPass: Inlined service "doctrine.orm.default_staticphp_metadata_driver" to "doctrine.orm.default_metadata_driver".
Symfony\Component\DependencyInjection\Compiler\InlineServiceDefinitionsPass: Inlined service "doctrine.orm.default_staticphp_metadata_driver" to "doctrine.orm.default_metadata_driver".
Symfony\Component\DependencyInjection\Compiler\InlineServiceDefinitionsPass: Inlined service "doctrine.orm.default_staticphp_metadata_driver" to "doctrine.orm.default_metadata_driver".
Symfony\Component\DependencyInjection\Compiler\InlineServiceDefinitionsPass: Inlined service "doctrine.orm.default_staticphp_metadata_driver" to "doctrine.orm.default_metadata_driver".
Symfony\Component\DependencyInjection\Compiler\InlineServiceDefinitionsPass: Inlined service "doctrine.orm.default_staticphp_metadata_driver" to "doctrine.orm.default_metadata_driver".
Symfony\Component\DependencyInjection\Compiler\InlineServiceDefinitionsPass: Inlined service "doctrine.orm.default_staticphp_metadata_driver" to "doctrine.orm.default_metadata_driver".
Symfony\Component\DependencyInjection\Compiler\InlineServiceDefinitionsPass: Inlined service "doctrine.orm.default_xml_metadata_driver" to "doctrine.orm.default_metadata_driver".
Symfony\Component\DependencyInjection\Compiler\InlineServiceDefinitionsPass: Inlined service "doctrine.orm.default_configuration" to "doctrine.orm.default_entity_manager".
Symfony\Component\DependencyInjection\Compiler\InlineServiceDefinitionsPass: Inlined service "knp_menu.factory_extension.routing" to "knp_menu.factory".
Symfony\Component\DependencyInjection\Compiler\InlineServiceDefinitionsPass: Inlined service "knp_menu.helper" to "knp_menu.templating.helper".
Symfony\Component\DependencyInjection\Compiler\InlineServiceDefinitionsPass: Inlined service "bazinga.oauth.provider.consumer_provider" to "bazinga.oauth.server_service".
Symfony\Component\DependencyInjection\Compiler\InlineServiceDefinitionsPass: Inlined service "jms_serializer.metadata.yaml_driver" to "jms_serializer.metadata.chain_driver".
Symfony\Component\DependencyInjection\Compiler\InlineServiceDefinitionsPass: Inlined service "jms_serializer.metadata.xml_driver" to "jms_serializer.metadata.chain_driver".
Symfony\Component\DependencyInjection\Compiler\InlineServiceDefinitionsPass: Inlined service "jms_serializer.metadata.php_driver" to "jms_serializer.metadata.chain_driver".
Symfony\Component\DependencyInjection\Compiler\InlineServiceDefinitionsPass: Inlined service "jms_serializer.metadata.annotation_driver" to "jms_serializer.metadata.chain_driver".
Symfony\Component\DependencyInjection\Compiler\InlineServiceDefinitionsPass: Inlined service "jms_serializer.metadata.lazy_loading_driver" to "jms_serializer.metadata_factory".
Symfony\Component\DependencyInjection\Compiler\InlineServiceDefinitionsPass: Inlined service "jms_serializer.camel_case_naming_strategy" to "jms_serializer.serialized_name_annotation_strategy".
Symfony\Component\DependencyInjection\Compiler\InlineServiceDefinitionsPass: Inlined service "twig.extension.logout_url" to "twig".
Symfony\Component\DependencyInjection\Compiler\InlineServiceDefinitionsPass: Inlined service "twig.extension.security" to "twig".
Symfony\Component\DependencyInjection\Compiler\InlineServiceDefinitionsPass: Inlined service "doctrine.twig.doctrine_extension" to "twig".
Symfony\Component\DependencyInjection\Compiler\InlineServiceDefinitionsPass: Inlined service "jms_serializer.twig_extension.serializer" to "twig".
Symfony\Component\DependencyInjection\Compiler\InlineServiceDefinitionsPass: Inlined service "twig.extension.trans" to "twig".
Symfony\Component\DependencyInjection\Compiler\InlineServiceDefinitionsPass: Inlined service "twig.extension.assets" to "twig".
Symfony\Component\DependencyInjection\Compiler\InlineServiceDefinitionsPass: Inlined service "twig.extension.actions" to "twig".
Symfony\Component\DependencyInjection\Compiler\InlineServiceDefinitionsPass: Inlined service "twig.extension.code" to "twig".
Symfony\Component\DependencyInjection\Compiler\InlineServiceDefinitionsPass: Inlined service "twig.extension.routing" to "twig".
Symfony\Component\DependencyInjection\Compiler\InlineServiceDefinitionsPass: Inlined service "twig.extension.yaml" to "twig".
Symfony\Component\DependencyInjection\Compiler\InlineServiceDefinitionsPass: Inlined service "twig.extension.debug.stopwatch" to "twig".
Symfony\Component\DependencyInjection\Compiler\InlineServiceDefinitionsPass: Inlined service "twig.extension.expression" to "twig".
Symfony\Component\DependencyInjection\Compiler\InlineServiceDefinitionsPass: Inlined service "twig.extension.httpkernel" to "twig".
Symfony\Component\DependencyInjection\Compiler\InlineServiceDefinitionsPass: Inlined service "twig.extension.form" to "twig".
Symfony\Component\DependencyInjection\Compiler\InlineServiceDefinitionsPass: Inlined service "twig.extension.debug" to "twig".
Symfony\Component\DependencyInjection\Compiler\InlineServiceDefinitionsPass: Inlined service "twig.form.renderer" to "twig.extension.form".
Symfony\Component\DependencyInjection\Compiler\InlineServiceDefinitionsPass: Inlined service "twig.form.engine" to "twig.form.renderer".
Symfony\Component\DependencyInjection\Compiler\InlineServiceDefinitionsPass: Inlined service "swiftmailer.transport.mailinvoker" to "swiftmailer.mailer.default.transport.real".
Symfony\Component\DependencyInjection\Compiler\InlineServiceDefinitionsPass: Inlined service "jms_serializer.metadata_factory" to "fos_rest.serializer".
Symfony\Component\DependencyInjection\Compiler\InlineServiceDefinitionsPass: Inlined service "jms_serializer.event_dispatcher" to "fos_rest.serializer".
Symfony\Component\DependencyInjection\Compiler\InlineServiceDefinitionsPass: Inlined service "jms_serializer.serialized_name_annotation_strategy" to "jms_serializer.naming_strategy".
Symfony\Component\DependencyInjection\Compiler\InlineServiceDefinitionsPass: Inlined service "knp_menu.menu_provider.container_aware" to "knp_menu.menu_provider".
Symfony\Component\DependencyInjection\Compiler\InlineServiceDefinitionsPass: Inlined service "knp_menu.menu_provider.builder_service" to "knp_menu.menu_provider".
Symfony\Component\DependencyInjection\Compiler\InlineServiceDefinitionsPass: Inlined service "knp_menu.menu_provider.builder_alias" to "knp_menu.menu_provider".
Symfony\Component\DependencyInjection\Compiler\RemoveUnusedDefinitionsPass: Removed service "controller_resolver"; reason: unused
Symfony\Component\DependencyInjection\Compiler\RemoveUnusedDefinitionsPass: Removed service "translator.selector"; reason: unused
Symfony\Component\DependencyInjection\Compiler\RemoveUnusedDefinitionsPass: Removed service "debug.event_dispatcher.parent"; reason: unused
Symfony\Component\DependencyInjection\Compiler\RemoveUnusedDefinitionsPass: Removed service "session.flash_bag"; reason: unused
Symfony\Component\DependencyInjection\Compiler\RemoveUnusedDefinitionsPass: Removed service "session.attribute_bag"; reason: unused
Symfony\Component\DependencyInjection\Compiler\RemoveUnusedDefinitionsPass: Removed service "session.handler.native_file"; reason: unused
Symfony\Component\DependencyInjection\Compiler\RemoveUnusedDefinitionsPass: Removed service "session.handler.write_check"; reason: unused
Symfony\Component\DependencyInjection\Compiler\RemoveUnusedDefinitionsPass: Removed service "form.extension"; reason: unused
Symfony\Component\DependencyInjection\Compiler\RemoveUnusedDefinitionsPass: Removed service "form.type_extension.form.request_handler"; reason: unused
Symfony\Component\DependencyInjection\Compiler\RemoveUnusedDefinitionsPass: Removed service "security.csrf.token_generator"; reason: unused
Symfony\Component\DependencyInjection\Compiler\RemoveUnusedDefinitionsPass: Removed service "security.csrf.token_storage"; reason: unused
Symfony\Component\DependencyInjection\Compiler\RemoveUnusedDefinitionsPass: Removed service "templating.cache_warmer.template_paths"; reason: unused
Symfony\Component\DependencyInjection\Compiler\RemoveUnusedDefinitionsPass: Removed service "templating.loader.cache"; reason: unused
Symfony\Component\DependencyInjection\Compiler\RemoveUnusedDefinitionsPass: Removed service "templating.loader.chain"; reason: unused
Symfony\Component\DependencyInjection\Compiler\RemoveUnusedDefinitionsPass: Removed service "templating.form.engine"; reason: unused
Symfony\Component\DependencyInjection\Compiler\RemoveUnusedDefinitionsPass: Removed service "templating.form.renderer"; reason: unused
Symfony\Component\DependencyInjection\Compiler\RemoveUnusedDefinitionsPass: Removed service "templating.asset.default_package"; reason: unused
Symfony\Component\DependencyInjection\Compiler\RemoveUnusedDefinitionsPass: Removed service "validator.mapping.cache.apc"; reason: unused
Symfony\Component\DependencyInjection\Compiler\RemoveUnusedDefinitionsPass: Removed service "validator.validator_factory"; reason: unused
Symfony\Component\DependencyInjection\Compiler\RemoveUnusedDefinitionsPass: Removed service "routing.resolver"; reason: unused
Symfony\Component\DependencyInjection\Compiler\RemoveUnusedDefinitionsPass: Removed service "routing.loader.xml"; reason: unused
Symfony\Component\DependencyInjection\Compiler\RemoveUnusedDefinitionsPass: Removed service "routing.loader.yml"; reason: unused
Symfony\Component\DependencyInjection\Compiler\RemoveUnusedDefinitionsPass: Removed service "routing.loader.php"; reason: unused
Symfony\Component\DependencyInjection\Compiler\RemoveUnusedDefinitionsPass: Removed service "router.cache_warmer"; reason: unused
Symfony\Component\DependencyInjection\Compiler\RemoveUnusedDefinitionsPass: Removed service "annotations.cached_reader"; reason: unused
Symfony\Component\DependencyInjection\Compiler\RemoveUnusedDefinitionsPass: Removed service "security.role_hierarchy"; reason: unused
Symfony\Component\DependencyInjection\Compiler\RemoveUnusedDefinitionsPass: Removed service "security.access.authenticated_voter"; reason: unused
Symfony\Component\DependencyInjection\Compiler\RemoveUnusedDefinitionsPass: Removed service "security.access.role_hierarchy_voter"; reason: unused
Symfony\Component\DependencyInjection\Compiler\RemoveUnusedDefinitionsPass: Removed service "security.firewall.map"; reason: unused
Symfony\Component\DependencyInjection\Compiler\RemoveUnusedDefinitionsPass: Removed service "security.authentication.listener.anonymous"; reason: unused
Symfony\Component\DependencyInjection\Compiler\RemoveUnusedDefinitionsPass: Removed service "security.authentication.provider.anonymous"; reason: unused
Symfony\Component\DependencyInjection\Compiler\RemoveUnusedDefinitionsPass: Removed service "security.authentication.retry_entry_point"; reason: unused
Symfony\Component\DependencyInjection\Compiler\RemoveUnusedDefinitionsPass: Removed service "security.authentication.basic_entry_point"; reason: unused
Symfony\Component\DependencyInjection\Compiler\RemoveUnusedDefinitionsPass: Removed service "security.authentication.digest_entry_point"; reason: unused
Symfony\Component\DependencyInjection\Compiler\RemoveUnusedDefinitionsPass: Removed service "security.context_listener"; reason: unused
Symfony\Component\DependencyInjection\Compiler\RemoveUnusedDefinitionsPass: Removed service "security.logout.handler.session"; reason: unused
Symfony\Component\DependencyInjection\Compiler\RemoveUnusedDefinitionsPass: Removed service "security.rememberme.token.provider.in_memory"; reason: unused
Symfony\Component\DependencyInjection\Compiler\RemoveUnusedDefinitionsPass: Removed service "twig.extension.logout_url"; reason: unused
Symfony\Component\DependencyInjection\Compiler\RemoveUnusedDefinitionsPass: Removed service "twig.extension.security"; reason: unused
Symfony\Component\DependencyInjection\Compiler\RemoveUnusedDefinitionsPass: Removed service "data_collector.security"; reason: unused
Symfony\Component\DependencyInjection\Compiler\RemoveUnusedDefinitionsPass: Removed service "security.request_matcher.775fd1f89e94353a0088488684ad76e762d33a2e8ae255bd4c4babf0a542981ec21f3928"; reason: unused
Symfony\Component\DependencyInjection\Compiler\RemoveUnusedDefinitionsPass: Removed service "security.request_matcher.5314eeb91110adf24b9b678372bb11bbe00e8858c519c088bfb65f525181ad3bf573fd1d"; reason: unused
Symfony\Component\DependencyInjection\Compiler\RemoveUnusedDefinitionsPass: Removed service "security.context_listener.0"; reason: unused
Symfony\Component\DependencyInjection\Compiler\RemoveUnusedDefinitionsPass: Removed service "security.authentication.listener.anonymous.dev"; reason: unused
Symfony\Component\DependencyInjection\Compiler\RemoveUnusedDefinitionsPass: Removed service "security.authentication.provider.anonymous.dev"; reason: unused
Symfony\Component\DependencyInjection\Compiler\RemoveUnusedDefinitionsPass: Removed service "security.exception_listener.dev"; reason: unused
Symfony\Component\DependencyInjection\Compiler\RemoveUnusedDefinitionsPass: Removed service "security.request_matcher.39632e4806041f70fac8f84a8e38ffab9fac970003edf2df5648b209c45286d50207af50"; reason: unused
Symfony\Component\DependencyInjection\Compiler\RemoveUnusedDefinitionsPass: Removed service "security.authentication.listener.anonymous.login"; reason: unused
Symfony\Component\DependencyInjection\Compiler\RemoveUnusedDefinitionsPass: Removed service "security.authentication.provider.anonymous.login"; reason: unused
Symfony\Component\DependencyInjection\Compiler\RemoveUnusedDefinitionsPass: Removed service "security.exception_listener.login"; reason: unused
Symfony\Component\DependencyInjection\Compiler\RemoveUnusedDefinitionsPass: Removed service "security.request_matcher.9aeba7fba005ca2de6ea0e58141fd0f560b96c6bfaf30a7f437ed27f98a09bf8fd4a1ccf"; reason: unused
Symfony\Component\DependencyInjection\Compiler\RemoveUnusedDefinitionsPass: Removed service "security.request_matcher.703d08975672b904376719cc8d38b2ae328ec274cadf4ecff82cea6649cbaafd919abfc2"; reason: unused
Symfony\Component\DependencyInjection\Compiler\RemoveUnusedDefinitionsPass: Removed service "security.context_listener.2"; reason: unused
Symfony\Component\DependencyInjection\Compiler\RemoveUnusedDefinitionsPass: Removed service "security.authentication.provider.dao.oauth2_area"; reason: unused
Symfony\Component\DependencyInjection\Compiler\RemoveUnusedDefinitionsPass: Removed service "security.authentication.success_handler.oauth2_area.form_login"; reason: unused
Symfony\Component\DependencyInjection\Compiler\RemoveUnusedDefinitionsPass: Removed service "security.authentication.failure_handler.oauth2_area.form_login"; reason: unused
Symfony\Component\DependencyInjection\Compiler\RemoveUnusedDefinitionsPass: Removed service "security.authentication.listener.form.oauth2_area"; reason: unused
Symfony\Component\DependencyInjection\Compiler\RemoveUnusedDefinitionsPass: Removed service "security.authentication.form_entry_point.oauth2_area"; reason: unused
Symfony\Component\DependencyInjection\Compiler\RemoveUnusedDefinitionsPass: Removed service "security.authentication.listener.anonymous.oauth2_area"; reason: unused
Symfony\Component\DependencyInjection\Compiler\RemoveUnusedDefinitionsPass: Removed service "security.authentication.provider.anonymous.oauth2_area"; reason: unused
Symfony\Component\DependencyInjection\Compiler\RemoveUnusedDefinitionsPass: Removed service "security.exception_listener.oauth2_area"; reason: unused
Symfony\Component\DependencyInjection\Compiler\RemoveUnusedDefinitionsPass: Removed service "security.request_matcher.07451dabe1f88633bb0cdb264001564bb5d2fd3dd60c84e8d907b74839a48a4d39089cd1"; reason: unused
Symfony\Component\DependencyInjection\Compiler\RemoveUnusedDefinitionsPass: Removed service "security.request_matcher.72ae165a332ba2d13f36735720bb3dca8a2be0a172dd6a4afd575bc81e462ea2f2d7baf2"; reason: unused
Symfony\Component\DependencyInjection\Compiler\RemoveUnusedDefinitionsPass: Removed service "security.request_matcher.3d37931eb623b0c353b292eff0d2a8a652cd89e544bad599f2e822a9d49cfb35e8fdc188"; reason: unused
Symfony\Component\DependencyInjection\Compiler\RemoveUnusedDefinitionsPass: Removed service "security.context_listener.3"; reason: unused
Symfony\Component\DependencyInjection\Compiler\RemoveUnusedDefinitionsPass: Removed service "security.authentication.provider.dao.oauth1_area"; reason: unused
Symfony\Component\DependencyInjection\Compiler\RemoveUnusedDefinitionsPass: Removed service "security.authentication.success_handler.oauth1_area.form_login"; reason: unused
Symfony\Component\DependencyInjection\Compiler\RemoveUnusedDefinitionsPass: Removed service "security.authentication.failure_handler.oauth1_area.form_login"; reason: unused
Symfony\Component\DependencyInjection\Compiler\RemoveUnusedDefinitionsPass: Removed service "security.authentication.listener.form.oauth1_area"; reason: unused
Symfony\Component\DependencyInjection\Compiler\RemoveUnusedDefinitionsPass: Removed service "security.authentication.form_entry_point.oauth1_area"; reason: unused
Symfony\Component\DependencyInjection\Compiler\RemoveUnusedDefinitionsPass: Removed service "security.authentication.listener.anonymous.oauth1_area"; reason: unused
Symfony\Component\DependencyInjection\Compiler\RemoveUnusedDefinitionsPass: Removed service "security.authentication.provider.anonymous.oauth1_area"; reason: unused
Symfony\Component\DependencyInjection\Compiler\RemoveUnusedDefinitionsPass: Removed service "security.exception_listener.oauth1_area"; reason: unused
Symfony\Component\DependencyInjection\Compiler\RemoveUnusedDefinitionsPass: Removed service "security.request_matcher.83414b4f59ab53f8865b08d5074e037efbb06e57ccba58ede5e1ed417a9ddcd1b645c11b"; reason: unused
Symfony\Component\DependencyInjection\Compiler\RemoveUnusedDefinitionsPass: Removed service "security.authentication.provider.fos_oauth_server.api"; reason: unused
Symfony\Component\DependencyInjection\Compiler\RemoveUnusedDefinitionsPass: Removed service "security.authentication.listener.fos_oauth_server.api"; reason: unused
Symfony\Component\DependencyInjection\Compiler\RemoveUnusedDefinitionsPass: Removed service "security.authentication.provider.bazinga_oauth.api"; reason: unused
Symfony\Component\DependencyInjection\Compiler\RemoveUnusedDefinitionsPass: Removed service "security.authentication.listener.bazinga_oauth.api"; reason: unused
Symfony\Component\DependencyInjection\Compiler\RemoveUnusedDefinitionsPass: Removed service "security.exception_listener.api"; reason: unused
Symfony\Component\DependencyInjection\Compiler\RemoveUnusedDefinitionsPass: Removed service "security.request_matcher.198b897db024dfd94306d2d4842e376f6c26d012ee3c0cb7ae9b3c4a24a272ee0f27a663"; reason: unused
Symfony\Component\DependencyInjection\Compiler\RemoveUnusedDefinitionsPass: Removed service "security.logout_listener.main"; reason: unused
Symfony\Component\DependencyInjection\Compiler\RemoveUnusedDefinitionsPass: Removed service "security.logout.success_handler.main"; reason: unused
Symfony\Component\DependencyInjection\Compiler\RemoveUnusedDefinitionsPass: Removed service "security.authentication.provider.dao.main"; reason: unused
Symfony\Component\DependencyInjection\Compiler\RemoveUnusedDefinitionsPass: Removed service "security.authentication.success_handler.main.form_login"; reason: unused
Symfony\Component\DependencyInjection\Compiler\RemoveUnusedDefinitionsPass: Removed service "security.authentication.failure_handler.main.form_login"; reason: unused
Symfony\Component\DependencyInjection\Compiler\RemoveUnusedDefinitionsPass: Removed service "security.authentication.listener.form.main"; reason: unused
Symfony\Component\DependencyInjection\Compiler\RemoveUnusedDefinitionsPass: Removed service "security.authentication.form_entry_point.main"; reason: unused
Symfony\Component\DependencyInjection\Compiler\RemoveUnusedDefinitionsPass: Removed service "security.authentication.provider.rememberme.main"; reason: unused
Symfony\Component\DependencyInjection\Compiler\RemoveUnusedDefinitionsPass: Removed service "security.authentication.listener.rememberme.main"; reason: unused
Symfony\Component\DependencyInjection\Compiler\RemoveUnusedDefinitionsPass: Removed service "security.exception_listener.main"; reason: unused
Symfony\Component\DependencyInjection\Compiler\RemoveUnusedDefinitionsPass: Removed service "security.request_matcher.a64d671f18e5575531d76c1d1154fdc4476cb8a79c02ed7a3469178c6d7b96b5ed4e60db"; reason: unused
Symfony\Component\DependencyInjection\Compiler\RemoveUnusedDefinitionsPass: Removed service "security.authentication.listener.anonymous.public"; reason: unused
Symfony\Component\DependencyInjection\Compiler\RemoveUnusedDefinitionsPass: Removed service "security.authentication.provider.anonymous.public"; reason: unused
Symfony\Component\DependencyInjection\Compiler\RemoveUnusedDefinitionsPass: Removed service "security.exception_listener.public"; reason: unused
Symfony\Component\DependencyInjection\Compiler\RemoveUnusedDefinitionsPass: Removed service "security.request_matcher.290fc093544fcae702752ac54c2ed0eff7cfcc028712d8548f8525170b532ff4ed7911ce"; reason: unused
Symfony\Component\DependencyInjection\Compiler\RemoveUnusedDefinitionsPass: Removed service "e6b284e5ffe5ebbe37cd2202c98830ef3267aa994dbd18a5391f955c57c6be3f_3"; reason: unused
Symfony\Component\DependencyInjection\Compiler\RemoveUnusedDefinitionsPass: Removed service "e6b284e5ffe5ebbe37cd2202c98830ef3267aa994dbd18a5391f955c57c6be3f_2"; reason: unused
Symfony\Component\DependencyInjection\Compiler\RemoveUnusedDefinitionsPass: Removed service "e6b284e5ffe5ebbe37cd2202c98830ef3267aa994dbd18a5391f955c57c6be3f_1"; reason: unused
Symfony\Component\DependencyInjection\Compiler\RemoveUnusedDefinitionsPass: Removed service "swiftmailer.transport.failover"; reason: unused
Symfony\Component\DependencyInjection\Compiler\RemoveUnusedDefinitionsPass: Removed service "swiftmailer.transport.mailinvoker"; reason: unused
Symfony\Component\DependencyInjection\Compiler\RemoveUnusedDefinitionsPass: Removed service "swiftmailer.transport.replacementfactory"; reason: unused
Symfony\Component\DependencyInjection\Compiler\RemoveUnusedDefinitionsPass: Removed service "swiftmailer.data_collector"; reason: unused
Symfony\Component\DependencyInjection\Compiler\RemoveUnusedDefinitionsPass: Removed service "doctrine.dbal.logger"; reason: unused
Symfony\Component\DependencyInjection\Compiler\RemoveUnusedDefinitionsPass: Removed service "data_collector.doctrine"; reason: unused
Symfony\Component\DependencyInjection\Compiler\RemoveUnusedDefinitionsPass: Removed service "doctrine.twig.doctrine_extension"; reason: unused
Symfony\Component\DependencyInjection\Compiler\RemoveUnusedDefinitionsPass: Removed service "doctrine.dbal.default_connection.configuration"; reason: unused
Symfony\Component\DependencyInjection\Compiler\RemoveUnusedDefinitionsPass: Removed service "doctrine.dbal.logger.chain.default"; reason: unused
Symfony\Component\DependencyInjection\Compiler\RemoveUnusedDefinitionsPass: Removed service "doctrine.dbal.default_connection.event_manager"; reason: unused
Symfony\Component\DependencyInjection\Compiler\RemoveUnusedDefinitionsPass: Removed service "doctrine.orm.proxy_cache_warmer"; reason: unused
Symfony\Component\DependencyInjection\Compiler\RemoveUnusedDefinitionsPass: Removed service "doctrine.orm.listeners.resolve_target_entity"; reason: unused
Symfony\Component\DependencyInjection\Compiler\RemoveUnusedDefinitionsPass: Removed service "doctrine.orm.naming_strategy.default"; reason: unused
Symfony\Component\DependencyInjection\Compiler\RemoveUnusedDefinitionsPass: Removed service "doctrine.orm.naming_strategy.underscore"; reason: unused
Symfony\Component\DependencyInjection\Compiler\RemoveUnusedDefinitionsPass: Removed service "doctrine.orm.quote_strategy.default"; reason: unused
Symfony\Component\DependencyInjection\Compiler\RemoveUnusedDefinitionsPass: Removed service "doctrine.orm.quote_strategy.ansi"; reason: unused
Symfony\Component\DependencyInjection\Compiler\RemoveUnusedDefinitionsPass: Removed service "doctrine.orm.default_configuration"; reason: unused
Symfony\Component\DependencyInjection\Compiler\RemoveUnusedDefinitionsPass: Removed service "doctrine.orm.default_staticphp_metadata_driver"; reason: unused
Symfony\Component\DependencyInjection\Compiler\RemoveUnusedDefinitionsPass: Removed service "doctrine.orm.default_xml_metadata_driver"; reason: unused
Symfony\Component\DependencyInjection\Compiler\RemoveUnusedDefinitionsPass: Removed service "doctrine.orm.default_metadata_driver"; reason: unused
Symfony\Component\DependencyInjection\Compiler\RemoveUnusedDefinitionsPass: Removed service "knp_menu.factory_extension.routing"; reason: unused
Symfony\Component\DependencyInjection\Compiler\RemoveUnusedDefinitionsPass: Removed service "knp_menu.helper"; reason: unused
Symfony\Component\DependencyInjection\Compiler\RemoveUnusedDefinitionsPass: Removed service "knp_menu.menu_provider.container_aware"; reason: unused
Symfony\Component\DependencyInjection\Compiler\RemoveUnusedDefinitionsPass: Removed service "knp_menu.menu_provider.builder_service"; reason: unused
Symfony\Component\DependencyInjection\Compiler\RemoveUnusedDefinitionsPass: Removed service "knp_menu.menu_provider.builder_alias"; reason: unused
Symfony\Component\DependencyInjection\Compiler\RemoveUnusedDefinitionsPass: Removed service "fos_oauth_server.security.authentication.provider"; reason: unused
Symfony\Component\DependencyInjection\Compiler\RemoveUnusedDefinitionsPass: Removed service "fos_oauth_server.security.authentication.listener"; reason: unused
Symfony\Component\DependencyInjection\Compiler\RemoveUnusedDefinitionsPass: Removed service "fos_oauth_server.security.entry_point"; reason: unused
Symfony\Component\DependencyInjection\Compiler\RemoveUnusedDefinitionsPass: Removed service "bazinga.oauth.security.authentication.provider"; reason: unused
Symfony\Component\DependencyInjection\Compiler\RemoveUnusedDefinitionsPass: Removed service "bazinga.oauth.security.authentication.listener"; reason: unused
Symfony\Component\DependencyInjection\Compiler\RemoveUnusedDefinitionsPass: Removed service "bazinga.oauth.provider.consumer_provider"; reason: unused
Symfony\Component\DependencyInjection\Compiler\RemoveUnusedDefinitionsPass: Removed service "fos_rest.view_handler.jsonp"; reason: unused
Symfony\Component\DependencyInjection\Compiler\RemoveUnusedDefinitionsPass: Removed service "fos_rest.request_matcher"; reason: unused
Symfony\Component\DependencyInjection\Compiler\RemoveUnusedDefinitionsPass: Removed service "jms_serializer.event_dispatcher"; reason: unused
Symfony\Component\DependencyInjection\Compiler\RemoveUnusedDefinitionsPass: Removed service "jms_serializer.metadata.yaml_driver"; reason: unused
Symfony\Component\DependencyInjection\Compiler\RemoveUnusedDefinitionsPass: Removed service "jms_serializer.metadata.xml_driver"; reason: unused
Symfony\Component\DependencyInjection\Compiler\RemoveUnusedDefinitionsPass: Removed service "jms_serializer.metadata.php_driver"; reason: unused
Symfony\Component\DependencyInjection\Compiler\RemoveUnusedDefinitionsPass: Removed service "jms_serializer.metadata.annotation_driver"; reason: unused
Symfony\Component\DependencyInjection\Compiler\RemoveUnusedDefinitionsPass: Removed service "jms_serializer.metadata.doctrine_phpcr_type_driver"; reason: unused
Symfony\Component\DependencyInjection\Compiler\RemoveUnusedDefinitionsPass: Removed service "jms_serializer.metadata.lazy_loading_driver"; reason: unused
Symfony\Component\DependencyInjection\Compiler\RemoveUnusedDefinitionsPass: Removed service "jms_serializer.metadata.cache.file_cache"; reason: unused
Symfony\Component\DependencyInjection\Compiler\RemoveUnusedDefinitionsPass: Removed service "jms_serializer.metadata_factory"; reason: unused
Symfony\Component\DependencyInjection\Compiler\RemoveUnusedDefinitionsPass: Removed service "jms_serializer.camel_case_naming_strategy"; reason: unused
Symfony\Component\DependencyInjection\Compiler\RemoveUnusedDefinitionsPass: Removed service "jms_serializer.serialized_name_annotation_strategy"; reason: unused
Symfony\Component\DependencyInjection\Compiler\RemoveUnusedDefinitionsPass: Removed service "jms_serializer.doctrine_phpcr_object_constructor"; reason: unused
Symfony\Component\DependencyInjection\Compiler\RemoveUnusedDefinitionsPass: Removed service "jms_serializer.twig_extension.serializer"; reason: unused
Symfony\Component\DependencyInjection\Compiler\RemoveUnusedDefinitionsPass: Removed service "oneup_uploader.error_handler.noop"; reason: unused
Symfony\Component\DependencyInjection\Compiler\RemoveUnusedDefinitionsPass: Removed service "oneup_uploader.error_handler.fineuploader"; reason: unused
Symfony\Component\DependencyInjection\Compiler\RemoveUnusedDefinitionsPass: Removed service "oneup_uploader.error_handler.blueimp"; reason: unused
Symfony\Component\DependencyInjection\Compiler\RemoveUnusedDefinitionsPass: Removed service "oneup_uploader.error_handler.uploadify"; reason: unused
Symfony\Component\DependencyInjection\Compiler\RemoveUnusedDefinitionsPass: Removed service "oneup_uploader.error_handler.yui3"; reason: unused
Symfony\Component\DependencyInjection\Compiler\RemoveUnusedDefinitionsPass: Removed service "oneup_uploader.error_handler.fancyupload"; reason: unused
Symfony\Component\DependencyInjection\Compiler\RemoveUnusedDefinitionsPass: Removed service "oneup_uploader.error_handler.mooupload"; reason: unused
Symfony\Component\DependencyInjection\Compiler\RemoveUnusedDefinitionsPass: Removed service "oneup_uploader.error_handler.plupload"; reason: unused
Symfony\Component\DependencyInjection\Compiler\RemoveUnusedDefinitionsPass: Removed service "oneup_uploader.error_handler.dropzone"; reason: unused
Symfony\Component\DependencyInjection\Compiler\RemoveUnusedDefinitionsPass: Removed service "oneup_uploader.error_handler.custom"; reason: unused
Symfony\Component\DependencyInjection\Compiler\RemoveUnusedDefinitionsPass: Removed service "twig.cache_warmer"; reason: unused
Symfony\Component\DependencyInjection\Compiler\RemoveUnusedDefinitionsPass: Removed service "twig.loader.chain"; reason: unused
Symfony\Component\DependencyInjection\Compiler\RemoveUnusedDefinitionsPass: Removed service "twig.extension.trans"; reason: unused
Symfony\Component\DependencyInjection\Compiler\RemoveUnusedDefinitionsPass: Removed service "twig.extension.assets"; reason: unused
Symfony\Component\DependencyInjection\Compiler\RemoveUnusedDefinitionsPass: Removed service "twig.extension.actions"; reason: unused
Symfony\Component\DependencyInjection\Compiler\RemoveUnusedDefinitionsPass: Removed service "twig.extension.code"; reason: unused
Symfony\Component\DependencyInjection\Compiler\RemoveUnusedDefinitionsPass: Removed service "twig.extension.routing"; reason: unused
Symfony\Component\DependencyInjection\Compiler\RemoveUnusedDefinitionsPass: Removed service "twig.extension.yaml"; reason: unused
Symfony\Component\DependencyInjection\Compiler\RemoveUnusedDefinitionsPass: Removed service "twig.extension.debug.stopwatch"; reason: unused
Symfony\Component\DependencyInjection\Compiler\RemoveUnusedDefinitionsPass: Removed service "twig.extension.expression"; reason: unused
Symfony\Component\DependencyInjection\Compiler\RemoveUnusedDefinitionsPass: Removed service "twig.extension.httpkernel"; reason: unused
Symfony\Component\DependencyInjection\Compiler\RemoveUnusedDefinitionsPass: Removed service "twig.extension.form"; reason: unused
Symfony\Component\DependencyInjection\Compiler\RemoveUnusedDefinitionsPass: Removed service "twig.form.engine"; reason: unused
Symfony\Component\DependencyInjection\Compiler\RemoveUnusedDefinitionsPass: Removed service "twig.form.renderer"; reason: unused
Symfony\Component\DependencyInjection\Compiler\RemoveUnusedDefinitionsPass: Removed service "twig.extension.debug"; reason: unused
Symfony\Component\DependencyInjection\Compiler\InlineServiceDefinitionsPass: Inlined service "templating.finder" to "cache_warmer".
Symfony\Component\DependencyInjection\Compiler\InlineServiceDefinitionsPass: Inlined service "templating.finder" to "cache_warmer".
Symfony\Component\DependencyInjection\Compiler\InlineServiceDefinitionsPass: Inlined service "security.user_checker" to "security.authentication.manager".
Symfony\Component\DependencyInjection\Compiler\InlineServiceDefinitionsPass: Inlined service "security.user_checker" to "security.authentication.manager".
Symfony\Component\DependencyInjection\Compiler\InlineServiceDefinitionsPass: Inlined service "security.user_checker" to "security.authentication.manager".
Symfony\Component\DependencyInjection\Compiler\InlineServiceDefinitionsPass: Inlined service "security.user_checker" to "security.authentication.manager".
Symfony\Component\DependencyInjection\Compiler\InlineServiceDefinitionsPass: Inlined service "security.user_checker" to "security.authentication.manager".
Symfony\Component\DependencyInjection\Compiler\InlineServiceDefinitionsPass: Inlined service "security.authentication.rememberme.services.simplehash.main" to "security.firewall.map.context.main".
Symfony\Component\DependencyInjection\Compiler\InlineServiceDefinitionsPass: Inlined service "security.authentication.rememberme.services.simplehash.main" to "security.firewall.map.context.main".
Symfony\Component\DependencyInjection\Compiler\InlineServiceDefinitionsPass: Inlined service "security.authentication.rememberme.services.simplehash.main" to "security.firewall.map.context.main".
Symfony\Component\DependencyInjection\Compiler\InlineServiceDefinitionsPass: Inlined service "doctrine.dbal.logger.profiling.default" to "doctrine.dbal.default_connection".
Symfony\Component\DependencyInjection\Compiler\InlineServiceDefinitionsPass: Inlined service "knp_menu.manipulator" to "knp_menu.templating.helper".
Symfony\Component\DependencyInjection\Compiler\InlineServiceDefinitionsPass: Inlined service "knp_menu.manipulator" to "knp_menu.templating.helper".
Symfony\Component\DependencyInjection\Compiler\InlineServiceDefinitionsPass: Inlined service "jms_serializer.metadata.file_locator" to "jms_serializer.metadata.chain_driver".
Symfony\Component\DependencyInjection\Compiler\InlineServiceDefinitionsPass: Inlined service "jms_serializer.metadata.file_locator" to "jms_serializer.metadata.chain_driver".
Symfony\Component\DependencyInjection\Compiler\InlineServiceDefinitionsPass: Inlined service "jms_serializer.metadata.file_locator" to "jms_serializer.metadata.chain_driver".
Symfony\Component\DependencyInjection\Compiler\InlineServiceDefinitionsPass: Inlined service "annotations.reader" to "annotation_reader".
Symfony\Component\DependencyInjection\Compiler\InlineServiceDefinitionsPass: Inlined service "jms_serializer.metadata.chain_driver" to "jms_serializer.metadata_driver".
Symfony\Component\DependencyInjection\Compiler\RemoveUnusedDefinitionsPass: Removed service "templating.finder"; reason: unused
Symfony\Component\DependencyInjection\Compiler\RemoveUnusedDefinitionsPass: Removed service "annotations.reader"; reason: unused
Symfony\Component\DependencyInjection\Compiler\RemoveUnusedDefinitionsPass: Removed service "security.user_checker"; reason: unused
Symfony\Component\DependencyInjection\Compiler\RemoveUnusedDefinitionsPass: Removed service "security.authentication.rememberme.services.simplehash.main"; reason: unused
Symfony\Component\DependencyInjection\Compiler\RemoveUnusedDefinitionsPass: Removed service "doctrine.dbal.logger.profiling.default"; reason: unused
Symfony\Component\DependencyInjection\Compiler\RemoveUnusedDefinitionsPass: Removed service "knp_menu.manipulator"; reason: unused
Symfony\Component\DependencyInjection\Compiler\RemoveUnusedDefinitionsPass: Removed service "jms_serializer.metadata.file_locator"; reason: unused
Symfony\Component\DependencyInjection\Compiler\RemoveUnusedDefinitionsPass: Removed service "jms_serializer.metadata.chain_driver"; reason: unused